<?xml version="1.0" encoding="UTF-8"?>
<!-- Generated by org.testng.reporters.JUnitReportReporter -->
<testsuite hostname="ENCDAPPUNLT0302" failures="0" tests="2" name="com.runner.Runner" time="17.716" errors="0" timestamp="2024-03-06T12:53:02 IST" skipped="0">
  <testcase classname="com.runner.Runner" name="runScenario" time="8.806"/>
  <system-out/>
  <testcase classname="com.runner.Runner" name="runScenario" time="8.910"/>
  <system-out/>
</testsuite> <!-- com.runner.Runner -->
