<?xml version="1.0" encoding="UTF-8"?>
<!-- Generated by org.testng.reporters.JUnitReportReporter -->
<testsuite hostname="ENCDAPPUNLT0302" failures="0" tests="2" name="com.runner.Runner" time="29.112" errors="0" timestamp="2024-03-06T19:22:58 IST" skipped="0">
  <testcase classname="com.runner.Runner" name="runScenario" time="13.556"/>
  <system-out/>
  <testcase classname="com.runner.Runner" name="runScenario" time="15.556"/>
  <system-out/>
</testsuite> <!-- com.runner.Runner -->
