<?xml version="1.0" encoding="UTF-8"?>
<!-- Generated by org.testng.reporters.JUnitReportReporter -->
<testsuite hostname="ENCDAPPUNLT0302" failures="0" tests="1" name="com.runner.Runner" time="14.773" errors="0" timestamp="2024-03-06T12:04:17 IST" skipped="0">
  <testcase classname="com.runner.Runner" name="runScenario" time="14.773"/>
  <system-out/>
</testsuite> <!-- com.runner.Runner -->
